f:\c#proj\lcj\compressjson\c++version\build\msg\msg.dir\debug\msg.pdb
f:\c#proj\lcj\compressjson\c++version\build\msg\msg.dir\debug\json11.obj
f:\c#proj\lcj\compressjson\c++version\build\msg\msg.dir\debug\msgmanager.obj
f:\c#proj\lcj\compressjson\c++version\build\msg\msg.dir\debug\msg.obj
f:\c#proj\lcj\compressjson\c++version\build\msg\msg.dir\debug\vc141.pdb
f:\c#proj\lcj\compressjson\c++version\build\msg\msg.dir\debug\msgentity.obj
f:\c#proj\lcj\compressjson\c++version\build\msg\cmakefiles\generate.stamp
f:\c#proj\lcj\compressjson\c++version\build\share\debug\msg.lib
f:\c#proj\lcj\compressjson\c++version\build\share\debug\msg.exp
f:\c#proj\lcj\compressjson\c++version\build\share\debug\msg.pdb
f:\c#proj\lcj\compressjson\c++version\build\msg\msg.dir\debug\msg.tlog\cl.command.1.tlog
f:\c#proj\lcj\compressjson\c++version\build\msg\msg.dir\debug\msg.tlog\cl.read.1.tlog
f:\c#proj\lcj\compressjson\c++version\build\msg\msg.dir\debug\msg.tlog\cl.write.1.tlog
f:\c#proj\lcj\compressjson\c++version\build\msg\msg.dir\debug\msg.tlog\custombuild.command.1.tlog
f:\c#proj\lcj\compressjson\c++version\build\msg\msg.dir\debug\msg.tlog\custombuild.read.1.tlog
f:\c#proj\lcj\compressjson\c++version\build\msg\msg.dir\debug\msg.tlog\custombuild.write.1.tlog
f:\c#proj\lcj\compressjson\c++version\build\msg\msg.dir\debug\msg.tlog\lib-link.read.1.tlog
f:\c#proj\lcj\compressjson\c++version\build\msg\msg.dir\debug\msg.tlog\lib-link.write.1.tlog
f:\c#proj\lcj\compressjson\c++version\build\msg\msg.dir\debug\msg.tlog\lib.command.1.tlog
f:\c#proj\lcj\compressjson\c++version\build\msg\msg.dir\debug\msg.tlog\link.command.1.tlog
f:\c#proj\lcj\compressjson\c++version\build\msg\msg.dir\debug\msg.tlog\link.delete.1.tlog
f:\c#proj\lcj\compressjson\c++version\build\msg\msg.dir\debug\msg.tlog\link.read.1.tlog
f:\c#proj\lcj\compressjson\c++version\build\msg\msg.dir\debug\msg.tlog\link.write.1.tlog
f:\c#proj\lcj\compressjson\c++version\build\msg\msg.dir\debug\msg.tlog\msg.write.1u.tlog
