f:\c#proj\lcj\compressjson\c++version\build\lua\lua.dir\debug\lua.pdb
f:\c#proj\lcj\compressjson\c++version\build\lua\lua.dir\debug\lzio.obj
f:\c#proj\lcj\compressjson\c++version\build\lua\lua.dir\debug\lvm.obj
f:\c#proj\lcj\compressjson\c++version\build\lua\lua.dir\debug\lundump.obj
f:\c#proj\lcj\compressjson\c++version\build\lua\lua.dir\debug\ltm.obj
f:\c#proj\lcj\compressjson\c++version\build\lua\lua.dir\debug\ltable.obj
f:\c#proj\lcj\compressjson\c++version\build\lua\lua.dir\debug\lstring.obj
f:\c#proj\lcj\compressjson\c++version\build\lua\lua.dir\debug\lstate.obj
f:\c#proj\lcj\compressjson\c++version\build\lua\lua.dir\debug\lparser.obj
f:\c#proj\lcj\compressjson\c++version\build\lua\lua.dir\debug\lopcodes.obj
f:\c#proj\lcj\compressjson\c++version\build\lua\lua.dir\debug\lobject.obj
f:\c#proj\lcj\compressjson\c++version\build\lua\lua.dir\debug\lmem.obj
f:\c#proj\lcj\compressjson\c++version\build\lua\lua.dir\debug\llex.obj
f:\c#proj\lcj\compressjson\c++version\build\lua\lua.dir\debug\lgc.obj
f:\c#proj\lcj\compressjson\c++version\build\lua\lua.dir\debug\lfunc.obj
f:\c#proj\lcj\compressjson\c++version\build\lua\lua.dir\debug\ldump.obj
f:\c#proj\lcj\compressjson\c++version\build\lua\lua.dir\debug\ldo.obj
f:\c#proj\lcj\compressjson\c++version\build\lua\lua.dir\debug\ldebug.obj
f:\c#proj\lcj\compressjson\c++version\build\lua\lua.dir\debug\lctype.obj
f:\c#proj\lcj\compressjson\c++version\build\lua\lua.dir\debug\lcode.obj
f:\c#proj\lcj\compressjson\c++version\build\lua\lua.dir\debug\lapi.obj
f:\c#proj\lcj\compressjson\c++version\build\lua\lua.dir\debug\linit.obj
f:\c#proj\lcj\compressjson\c++version\build\lua\lua.dir\debug\lutf8lib.obj
f:\c#proj\lcj\compressjson\c++version\build\lua\lua.dir\debug\ltablib.obj
f:\c#proj\lcj\compressjson\c++version\build\lua\lua.dir\debug\lstrlib.obj
f:\c#proj\lcj\compressjson\c++version\build\lua\lua.dir\debug\loslib.obj
f:\c#proj\lcj\compressjson\c++version\build\lua\lua.dir\debug\loadlib.obj
f:\c#proj\lcj\compressjson\c++version\build\lua\lua.dir\debug\lmathlib.obj
f:\c#proj\lcj\compressjson\c++version\build\lua\lua.dir\debug\liolib.obj
f:\c#proj\lcj\compressjson\c++version\build\lua\lua.dir\debug\ldblib.obj
f:\c#proj\lcj\compressjson\c++version\build\lua\lua.dir\debug\lcorolib.obj
f:\c#proj\lcj\compressjson\c++version\build\lua\lua.dir\debug\lbaselib.obj
f:\c#proj\lcj\compressjson\c++version\build\lua\lua.dir\debug\lauxlib.obj
f:\c#proj\lcj\compressjson\c++version\build\lua\cmakefiles\generate.stamp
f:\c#proj\lcj\compressjson\c++version\build\lib\debug\lua-d.lib
f:\c#proj\lcj\compressjson\c++version\build\lua\lua.dir\debug\lua.obj
f:\c#proj\lcj\compressjson\c++version\build\lua\lua.dir\debug\vc141.pdb
f:\c#proj\lcj\compressjson\c++version\build\lua\lua.dir\debug\lua.tlog\cl.command.1.tlog
f:\c#proj\lcj\compressjson\c++version\build\lua\lua.dir\debug\lua.tlog\cl.read.1.tlog
f:\c#proj\lcj\compressjson\c++version\build\lua\lua.dir\debug\lua.tlog\cl.write.1.tlog
f:\c#proj\lcj\compressjson\c++version\build\lua\lua.dir\debug\lua.tlog\custombuild.command.1.tlog
f:\c#proj\lcj\compressjson\c++version\build\lua\lua.dir\debug\lua.tlog\custombuild.read.1.tlog
f:\c#proj\lcj\compressjson\c++version\build\lua\lua.dir\debug\lua.tlog\custombuild.write.1.tlog
f:\c#proj\lcj\compressjson\c++version\build\lua\lua.dir\debug\lua.tlog\lib-link.read.1.tlog
f:\c#proj\lcj\compressjson\c++version\build\lua\lua.dir\debug\lua.tlog\lib-link.write.1.tlog
f:\c#proj\lcj\compressjson\c++version\build\lua\lua.dir\debug\lua.tlog\lib.command.1.tlog
f:\c#proj\lcj\compressjson\c++version\build\lua\lua.dir\debug\lua.tlog\link-cvtres.read.1.tlog
f:\c#proj\lcj\compressjson\c++version\build\lua\lua.dir\debug\lua.tlog\link-cvtres.write.1.tlog
f:\c#proj\lcj\compressjson\c++version\build\lua\lua.dir\debug\lua.tlog\link-rc.read.1.tlog
f:\c#proj\lcj\compressjson\c++version\build\lua\lua.dir\debug\lua.tlog\link-rc.write.1.tlog
f:\c#proj\lcj\compressjson\c++version\build\lua\lua.dir\debug\lua.tlog\link.command.1.tlog
f:\c#proj\lcj\compressjson\c++version\build\lua\lua.dir\debug\lua.tlog\link.read.1.tlog
f:\c#proj\lcj\compressjson\c++version\build\lua\lua.dir\debug\lua.tlog\link.write.1.tlog
