  Building Custom Rule F:/C#Proj/LCJ/CompressJson/C++Version/Lua/CMakeLists.txt
  lapi.c
  lcode.c
  lctype.c
  ldebug.c
  ldo.c
  ldump.c
  lfunc.c
  lgc.c
  llex.c
  lmem.c
  lobject.c
  lopcodes.c
  lparser.c
  lstate.c
  lstring.c
  ltable.c
  ltm.c
  lundump.c
  lvm.c
  lzio.c
  正在生成代码...
  正在编译...
  lauxlib.c
  lbaselib.c
  lcorolib.c
  ldblib.c
  liolib.c
  lmathlib.c
  loadlib.c
  loslib.c
  lstrlib.c
  ltablib.c
  lutf8lib.c
  linit.c
  正在生成代码...
  lua.vcxproj -> F:\C#Proj\LCJ\CompressJson\C++Version\build\lib\Debug\lua-d.lib
